MIF/HEX Update report for quanta
Thu Aug 31 21:37:09 2017
Quartus II 64-Bit Version 14.0.0 Build 200 06/17/2014 SJ Web Edition


---------------------
; Table of Contents ;
---------------------
  1. Legal Notice
  2. MIF/HEX Update Summary
  3. MIF/HEX Update Processed Files
  4. MIF/HEX Update Messages



----------------
; Legal Notice ;
----------------
Copyright (C) 1991-2014 Altera Corporation. All rights reserved.
Your use of Altera Corporation's design tools, logic functions 
and other software and tools, and its AMPP partner logic 
functions, and any output files from any of the foregoing 
(including device programming or simulation files), and any 
associated documentation or information are expressly subject 
to the terms and conditions of the Altera Program License 
Subscription Agreement, the Altera Quartus II License Agreement,
the Altera MegaCore Function License Agreement, or other 
applicable license agreement, including, without limitation, 
that your use is for the sole purpose of programming logic 
devices manufactured by Altera and sold by Altera or its 
authorized distributors.  Please refer to the applicable 
agreement for further details.



+-----------------------------------------------------------+
; MIF/HEX Update Summary                                    ;
+-----------------------+-----------------------------------+
; MIF/HEX Update Status ; Failed - Thu Aug 31 21:37:09 2017 ;
; Revision Name         ; quanta                            ;
; Top-level Entity Name ; quanta                            ;
; Family                ; Cyclone IV E                      ;
; Device                ; EP4CE115F29C7                     ;
+-----------------------+-----------------------------------+


+--------------------------------+
; MIF/HEX Update Processed Files ;
+--------------------------------+
; File Name                      ;
+--------------------------------+


+-------------------------+
; MIF/HEX Update Messages ;
+-------------------------+
Info: *******************************************************************
Info: Running Quartus II 64-Bit MIF/HEX Update
    Info: Version 14.0.0 Build 200 06/17/2014 SJ Web Edition
    Info: Processing started: Thu Aug 31 21:37:08 2017
Info: Command: quartus_cdb quanta -c quanta --update_mif
Warning (39023): Can't find Memory Initialization File ../../../../Users/vinic/Desktop/Mif2.mif -- skipped updates for this file
Warning (39023): Can't find Memory Initialization File ../../../../Users/vinic/Desktop/Mif1.mif -- skipped updates for this file
Error (39022): Found no valid Memory Initialization File to process
Error: Quartus II 64-Bit MIF/HEX Update was unsuccessful. 1 error, 2 warnings
    Error: Peak virtual memory: 627 megabytes
    Error: Processing ended: Thu Aug 31 21:37:09 2017
    Error: Elapsed time: 00:00:01
    Error: Total CPU time (on all processors): 00:00:01


