MIF/HEX Update report for quanta2
Mon Apr 09 13:52:07 2018
Quartus II 64-Bit Version 14.0.0 Build 200 06/17/2014 SJ Web Edition


---------------------
; Table of Contents ;
---------------------
  1. Legal Notice
  2. MIF/HEX Update Summary
  3. MIF/HEX Update Processed Files
  4. MIF/HEX Update Messages



----------------
; Legal Notice ;
----------------
Copyright (C) 1991-2014 Altera Corporation. All rights reserved.
Your use of Altera Corporation's design tools, logic functions 
and other software and tools, and its AMPP partner logic 
functions, and any output files from any of the foregoing 
(including device programming or simulation files), and any 
associated documentation or information are expressly subject 
to the terms and conditions of the Altera Program License 
Subscription Agreement, the Altera Quartus II License Agreement,
the Altera MegaCore Function License Agreement, or other 
applicable license agreement, including, without limitation, 
that your use is for the sole purpose of programming logic 
devices manufactured by Altera and sold by Altera or its 
authorized distributors.  Please refer to the applicable 
agreement for further details.



+---------------------------------------------------------------+
; MIF/HEX Update Summary                                        ;
+-----------------------+---------------------------------------+
; MIF/HEX Update Status ; Successful - Mon Apr 09 13:52:07 2018 ;
; Revision Name         ; quanta2                               ;
; Top-level Entity Name ; quanta2                               ;
; Family                ; Cyclone IV E                          ;
; Device                ; EP4CE115F29C7                         ;
+-----------------------+---------------------------------------+


+-----------------------------------------------------+
; MIF/HEX Update Processed Files                      ;
+-----------------------------------------------------+
; File Name                                           ;
+-----------------------------------------------------+
; C:/Vinicius/quanta/Hardware/quanta2/quanta2data.mif ;
; C:/Vinicius/quanta/Hardware/quanta2/quanta2inst.mif ;
+-----------------------------------------------------+


+-------------------------+
; MIF/HEX Update Messages ;
+-------------------------+
Info: *******************************************************************
Info: Running Quartus II 64-Bit MIF/HEX Update
    Info: Version 14.0.0 Build 200 06/17/2014 SJ Web Edition
    Info: Processing started: Mon Apr 09 13:52:03 2018
Info: Command: quartus_cdb quanta2 -c quanta2 --update_mif
Warning (113028): 214 out of 256 addresses are uninitialized. The Quartus II software will initialize them to "0". There are 1 warnings found, and 1 warnings are reported.
    Warning (113027): Addresses ranging from 42 to 255 are not initialized
Warning (113028): 255 out of 256 addresses are uninitialized. The Quartus II software will initialize them to "0". There are 1 warnings found, and 1 warnings are reported.
    Warning (113027): Addresses ranging from 1 to 255 are not initialized
Info (39024): Processed the following Memory Initialization File(s)
    Info (39025): Processed Memory Initialization File C:/Vinicius/quanta/Hardware/quanta2/quanta2data.mif
    Info (39025): Processed Memory Initialization File C:/Vinicius/quanta/Hardware/quanta2/quanta2inst.mif
Info: Quartus II 64-Bit MIF/HEX Update was successful. 0 errors, 4 warnings
    Info: Peak virtual memory: 664 megabytes
    Info: Processing ended: Mon Apr 09 13:52:07 2018
    Info: Elapsed time: 00:00:04
    Info: Total CPU time (on all processors): 00:00:03


